/root/yahboomcar_ros2_ws/yahboomcar_ws/src/yahboomcar_ctrl/install/yahboomcar_ctrl/lib/python3.8/site-packages/yahboomcar_ctrl/__init__.py
/root/yahboomcar_ros2_ws/yahboomcar_ws/src/yahboomcar_ctrl/install/yahboomcar_ctrl/lib/python3.8/site-packages/yahboomcar_ctrl/yahboom_keyboard.py
/root/yahboomcar_ros2_ws/yahboomcar_ws/src/yahboomcar_ctrl/install/yahboomcar_ctrl/lib/python3.8/site-packages/yahboomcar_ctrl/yahboom_joy_R2.py
/root/yahboomcar_ros2_ws/yahboomcar_ws/src/yahboomcar_ctrl/install/yahboomcar_ctrl/lib/python3.8/site-packages/yahboomcar_ctrl/yahboom_joy_X3.py
/root/yahboomcar_ros2_ws/yahboomcar_ws/src/yahboomcar_ctrl/install/yahboomcar_ctrl/lib/python3.8/site-packages/yahboomcar_ctrl/__pycache__/__init__.cpython-38.pyc
/root/yahboomcar_ros2_ws/yahboomcar_ws/src/yahboomcar_ctrl/install/yahboomcar_ctrl/lib/python3.8/site-packages/yahboomcar_ctrl/__pycache__/yahboom_keyboard.cpython-38.pyc
/root/yahboomcar_ros2_ws/yahboomcar_ws/src/yahboomcar_ctrl/install/yahboomcar_ctrl/lib/python3.8/site-packages/yahboomcar_ctrl/__pycache__/yahboom_joy_R2.cpython-38.pyc
/root/yahboomcar_ros2_ws/yahboomcar_ws/src/yahboomcar_ctrl/install/yahboomcar_ctrl/lib/python3.8/site-packages/yahboomcar_ctrl/__pycache__/yahboom_joy_X3.cpython-38.pyc
/root/yahboomcar_ros2_ws/yahboomcar_ws/src/yahboomcar_ctrl/install/yahboomcar_ctrl/share/ament_index/resource_index/packages/yahboomcar_ctrl
/root/yahboomcar_ros2_ws/yahboomcar_ws/src/yahboomcar_ctrl/install/yahboomcar_ctrl/share/yahboomcar_ctrl/package.xml
/root/yahboomcar_ros2_ws/yahboomcar_ws/src/yahboomcar_ctrl/install/yahboomcar_ctrl/share/yahboomcar_ctrl/launch/yahboomcar_joy_launch.py
/root/yahboomcar_ros2_ws/yahboomcar_ws/src/yahboomcar_ctrl/install/yahboomcar_ctrl/lib/python3.8/site-packages/yahboomcar_ctrl-0.0.0-py3.8.egg-info/entry_points.txt
/root/yahboomcar_ros2_ws/yahboomcar_ws/src/yahboomcar_ctrl/install/yahboomcar_ctrl/lib/python3.8/site-packages/yahboomcar_ctrl-0.0.0-py3.8.egg-info/zip-safe
/root/yahboomcar_ros2_ws/yahboomcar_ws/src/yahboomcar_ctrl/install/yahboomcar_ctrl/lib/python3.8/site-packages/yahboomcar_ctrl-0.0.0-py3.8.egg-info/PKG-INFO
/root/yahboomcar_ros2_ws/yahboomcar_ws/src/yahboomcar_ctrl/install/yahboomcar_ctrl/lib/python3.8/site-packages/yahboomcar_ctrl-0.0.0-py3.8.egg-info/requires.txt
/root/yahboomcar_ros2_ws/yahboomcar_ws/src/yahboomcar_ctrl/install/yahboomcar_ctrl/lib/python3.8/site-packages/yahboomcar_ctrl-0.0.0-py3.8.egg-info/dependency_links.txt
/root/yahboomcar_ros2_ws/yahboomcar_ws/src/yahboomcar_ctrl/install/yahboomcar_ctrl/lib/python3.8/site-packages/yahboomcar_ctrl-0.0.0-py3.8.egg-info/SOURCES.txt
/root/yahboomcar_ros2_ws/yahboomcar_ws/src/yahboomcar_ctrl/install/yahboomcar_ctrl/lib/python3.8/site-packages/yahboomcar_ctrl-0.0.0-py3.8.egg-info/top_level.txt
/root/yahboomcar_ros2_ws/yahboomcar_ws/src/yahboomcar_ctrl/install/yahboomcar_ctrl/lib/yahboomcar_ctrl/yahboom_joy_R2
/root/yahboomcar_ros2_ws/yahboomcar_ws/src/yahboomcar_ctrl/install/yahboomcar_ctrl/lib/yahboomcar_ctrl/yahboom_joy_X3
/root/yahboomcar_ros2_ws/yahboomcar_ws/src/yahboomcar_ctrl/install/yahboomcar_ctrl/lib/yahboomcar_ctrl/yahboom_keyboard
