[1.395s] Invoking command in '/root/yahboomcar_ros2_ws/yahboomcar_ws/src/yahboomcar_ctrl': PYTHONPATH=/root/yahboomcar_ros2_ws/yahboomcar_ws/src/yahboomcar_ctrl/build/yahboomcar_ctrl/prefix_override:/root/yahboomcar_ros2_ws/yahboomcar_ws/src/yahboomcar_ctrl/install/yahboomcar_ctrl/lib/python3.8/site-packages:${PYTHONPATH} /usr/bin/python3 setup.py egg_info --egg-base build/yahboomcar_ctrl build --build-base /root/yahboomcar_ros2_ws/yahboomcar_ws/src/yahboomcar_ctrl/build/yahboomcar_ctrl/build install --record /root/yahboomcar_ros2_ws/yahboomcar_ws/src/yahboomcar_ctrl/build/yahboomcar_ctrl/install.log --install-scripts $base/lib/yahboomcar_ctrl --single-version-externally-managed
[1.820s] running egg_info
[1.821s] creating build/yahboomcar_ctrl/yahboomcar_ctrl.egg-info
[1.821s] writing build/yahboomcar_ctrl/yahboomcar_ctrl.egg-info/PKG-INFO
[1.822s] writing dependency_links to build/yahboomcar_ctrl/yahboomcar_ctrl.egg-info/dependency_links.txt
[1.822s] writing entry points to build/yahboomcar_ctrl/yahboomcar_ctrl.egg-info/entry_points.txt
[1.822s] writing requirements to build/yahboomcar_ctrl/yahboomcar_ctrl.egg-info/requires.txt
[1.822s] writing top-level names to build/yahboomcar_ctrl/yahboomcar_ctrl.egg-info/top_level.txt
[1.826s] writing manifest file 'build/yahboomcar_ctrl/yahboomcar_ctrl.egg-info/SOURCES.txt'
[1.877s] reading manifest file 'build/yahboomcar_ctrl/yahboomcar_ctrl.egg-info/SOURCES.txt'
[1.878s] writing manifest file 'build/yahboomcar_ctrl/yahboomcar_ctrl.egg-info/SOURCES.txt'
[1.878s] running build
[1.878s] running build_py
[1.878s] creating /root/yahboomcar_ros2_ws/yahboomcar_ws/src/yahboomcar_ctrl/build/yahboomcar_ctrl/build
[1.878s] creating /root/yahboomcar_ros2_ws/yahboomcar_ws/src/yahboomcar_ctrl/build/yahboomcar_ctrl/build/lib
[1.878s] creating /root/yahboomcar_ros2_ws/yahboomcar_ws/src/yahboomcar_ctrl/build/yahboomcar_ctrl/build/lib/yahboomcar_ctrl
[1.879s] copying yahboomcar_ctrl/__init__.py -> /root/yahboomcar_ros2_ws/yahboomcar_ws/src/yahboomcar_ctrl/build/yahboomcar_ctrl/build/lib/yahboomcar_ctrl
[1.879s] copying yahboomcar_ctrl/yahboom_keyboard.py -> /root/yahboomcar_ros2_ws/yahboomcar_ws/src/yahboomcar_ctrl/build/yahboomcar_ctrl/build/lib/yahboomcar_ctrl
[1.879s] copying yahboomcar_ctrl/yahboom_joy_R2.py -> /root/yahboomcar_ros2_ws/yahboomcar_ws/src/yahboomcar_ctrl/build/yahboomcar_ctrl/build/lib/yahboomcar_ctrl
[1.879s] copying yahboomcar_ctrl/yahboom_joy_X3.py -> /root/yahboomcar_ros2_ws/yahboomcar_ws/src/yahboomcar_ctrl/build/yahboomcar_ctrl/build/lib/yahboomcar_ctrl
[1.880s] running install
[1.882s] running install_lib
[1.883s] creating /root/yahboomcar_ros2_ws/yahboomcar_ws/src/yahboomcar_ctrl/install/yahboomcar_ctrl/lib/python3.8/site-packages/yahboomcar_ctrl
[1.884s] copying /root/yahboomcar_ros2_ws/yahboomcar_ws/src/yahboomcar_ctrl/build/yahboomcar_ctrl/build/lib/yahboomcar_ctrl/__init__.py -> /root/yahboomcar_ros2_ws/yahboomcar_ws/src/yahboomcar_ctrl/install/yahboomcar_ctrl/lib/python3.8/site-packages/yahboomcar_ctrl
[1.884s] copying /root/yahboomcar_ros2_ws/yahboomcar_ws/src/yahboomcar_ctrl/build/yahboomcar_ctrl/build/lib/yahboomcar_ctrl/yahboom_keyboard.py -> /root/yahboomcar_ros2_ws/yahboomcar_ws/src/yahboomcar_ctrl/install/yahboomcar_ctrl/lib/python3.8/site-packages/yahboomcar_ctrl
[1.884s] copying /root/yahboomcar_ros2_ws/yahboomcar_ws/src/yahboomcar_ctrl/build/yahboomcar_ctrl/build/lib/yahboomcar_ctrl/yahboom_joy_R2.py -> /root/yahboomcar_ros2_ws/yahboomcar_ws/src/yahboomcar_ctrl/install/yahboomcar_ctrl/lib/python3.8/site-packages/yahboomcar_ctrl
[1.884s] copying /root/yahboomcar_ros2_ws/yahboomcar_ws/src/yahboomcar_ctrl/build/yahboomcar_ctrl/build/lib/yahboomcar_ctrl/yahboom_joy_X3.py -> /root/yahboomcar_ros2_ws/yahboomcar_ws/src/yahboomcar_ctrl/install/yahboomcar_ctrl/lib/python3.8/site-packages/yahboomcar_ctrl
[1.886s] byte-compiling /root/yahboomcar_ros2_ws/yahboomcar_ws/src/yahboomcar_ctrl/install/yahboomcar_ctrl/lib/python3.8/site-packages/yahboomcar_ctrl/__init__.py to __init__.cpython-38.pyc
[1.887s] byte-compiling /root/yahboomcar_ros2_ws/yahboomcar_ws/src/yahboomcar_ctrl/install/yahboomcar_ctrl/lib/python3.8/site-packages/yahboomcar_ctrl/yahboom_keyboard.py to yahboom_keyboard.cpython-38.pyc
[1.889s] byte-compiling /root/yahboomcar_ros2_ws/yahboomcar_ws/src/yahboomcar_ctrl/install/yahboomcar_ctrl/lib/python3.8/site-packages/yahboomcar_ctrl/yahboom_joy_R2.py to yahboom_joy_R2.cpython-38.pyc
[1.891s] byte-compiling /root/yahboomcar_ros2_ws/yahboomcar_ws/src/yahboomcar_ctrl/install/yahboomcar_ctrl/lib/python3.8/site-packages/yahboomcar_ctrl/yahboom_joy_X3.py to yahboom_joy_X3.cpython-38.pyc
[1.892s] running install_data
[1.893s] creating /root/yahboomcar_ros2_ws/yahboomcar_ws/src/yahboomcar_ctrl/install/yahboomcar_ctrl/share/ament_index
[1.893s] creating /root/yahboomcar_ros2_ws/yahboomcar_ws/src/yahboomcar_ctrl/install/yahboomcar_ctrl/share/ament_index/resource_index
[1.894s] creating /root/yahboomcar_ros2_ws/yahboomcar_ws/src/yahboomcar_ctrl/install/yahboomcar_ctrl/share/ament_index/resource_index/packages
[1.894s] copying resource/yahboomcar_ctrl -> /root/yahboomcar_ros2_ws/yahboomcar_ws/src/yahboomcar_ctrl/install/yahboomcar_ctrl/share/ament_index/resource_index/packages
[1.894s] copying package.xml -> /root/yahboomcar_ros2_ws/yahboomcar_ws/src/yahboomcar_ctrl/install/yahboomcar_ctrl/share/yahboomcar_ctrl
[1.894s] creating /root/yahboomcar_ros2_ws/yahboomcar_ws/src/yahboomcar_ctrl/install/yahboomcar_ctrl/share/yahboomcar_ctrl/launch
[1.894s] copying launch/yahboomcar_joy_launch.py -> /root/yahboomcar_ros2_ws/yahboomcar_ws/src/yahboomcar_ctrl/install/yahboomcar_ctrl/share/yahboomcar_ctrl/launch
[1.895s] running install_egg_info
[1.898s] Copying build/yahboomcar_ctrl/yahboomcar_ctrl.egg-info to /root/yahboomcar_ros2_ws/yahboomcar_ws/src/yahboomcar_ctrl/install/yahboomcar_ctrl/lib/python3.8/site-packages/yahboomcar_ctrl-0.0.0-py3.8.egg-info
[1.900s] running install_scripts
[1.931s] Installing yahboom_joy_R2 script to /root/yahboomcar_ros2_ws/yahboomcar_ws/src/yahboomcar_ctrl/install/yahboomcar_ctrl/lib/yahboomcar_ctrl
[1.931s] Installing yahboom_joy_X3 script to /root/yahboomcar_ros2_ws/yahboomcar_ws/src/yahboomcar_ctrl/install/yahboomcar_ctrl/lib/yahboomcar_ctrl
[1.931s] Installing yahboom_keyboard script to /root/yahboomcar_ros2_ws/yahboomcar_ws/src/yahboomcar_ctrl/install/yahboomcar_ctrl/lib/yahboomcar_ctrl
[1.932s] writing list of installed files to '/root/yahboomcar_ros2_ws/yahboomcar_ws/src/yahboomcar_ctrl/build/yahboomcar_ctrl/install.log'
[1.985s] Invoked command in '/root/yahboomcar_ros2_ws/yahboomcar_ws/src/yahboomcar_ctrl' returned '0': PYTHONPATH=/root/yahboomcar_ros2_ws/yahboomcar_ws/src/yahboomcar_ctrl/build/yahboomcar_ctrl/prefix_override:/root/yahboomcar_ros2_ws/yahboomcar_ws/src/yahboomcar_ctrl/install/yahboomcar_ctrl/lib/python3.8/site-packages:${PYTHONPATH} /usr/bin/python3 setup.py egg_info --egg-base build/yahboomcar_ctrl build --build-base /root/yahboomcar_ros2_ws/yahboomcar_ws/src/yahboomcar_ctrl/build/yahboomcar_ctrl/build install --record /root/yahboomcar_ros2_ws/yahboomcar_ws/src/yahboomcar_ctrl/build/yahboomcar_ctrl/install.log --install-scripts $base/lib/yahboomcar_ctrl --single-version-externally-managed
